<?xml version="1.0" encoding="UTF-8"?>
<testsuite xmlns:xsi="http://www.w3.org/2001/XMLSchema-instance" xsi:noNamespaceSchemaLocation="https://maven.apache.org/surefire/maven-surefire-plugin/xsd/surefire-test-report-3.0.xsd" version="3.0" name="runner.MyRunnerTest" time="127.203" tests="10" errors="0" skipped="0" failures="0">
  <properties>
[...]
</properties>
  <testcase name="login with valid credentials #1" classname="Login functionality" time="14.385">
    <system-out><![CDATA[
Scenario Outline: login with valid credentials                      &amp#27;[90m# src/test/resources/features/Login.feature:11&amp#27;[0m
  &amp#27;[32mGiven &amp#27;[0m&amp#27;[32muser navigates to login page&amp#27;[0m                                &amp#27;[90m# stepDefinitions.Login.user_navigates_to_login_page()&amp#27;[0m
  &amp#27;[32mWhen &amp#27;[0m&amp#27;[32muser enters valid login name &amp#27;[0m&amp#27;[32m&amp#27;[1mabhi12345&amp#27;[0m&amp#27;[32m into login name field&amp#27;[0m &amp#27;[90m# stepDefinitions.Login.user_enters_valid_login_name_into_login_name_field(java.lang.String)&amp#27;[0m
  &amp#27;[32mAnd &amp#27;[0m&amp#27;[32muser enters valid password &amp#27;[0m&amp#27;[32m&amp#27;[1mabhi12345&amp#27;[0m&amp#27;[32m into password field&amp#27;[0m      &amp#27;[90m# stepDefinitions.Login.user_enters_valid_password_into_password_field(java.lang.String)&amp#27;[0m
  &amp#27;[32mAnd &amp#27;[0m&amp#27;[32muser clicks on login button&amp#27;[0m                                   &amp#27;[90m# stepDefinitions.Login.user_clicks_on_login_button()&amp#27;[0m
  &amp#27;[32mThen &amp#27;[0m&amp#27;[32muser gets login successfully&amp#27;[0m                                 &amp#27;[90m# stepDefinitions.Login.user_gets_login_successfully()&amp#27;[0m
]]></system-out>
    <system-err><![CDATA[Jul 09, 2023 2:51:18 PM org.openqa.selenium.remote.service.DriverService$Builder getLogOutput
INFO: Driver logs no longer sent to console by default; https://www.selenium.dev/documentation/webdriver/drivers/service/#setting-log-output
SLF4J: Failed to load class "org.slf4j.impl.StaticLoggerBinder".
SLF4J: Defaulting to no-operation (NOP) logger implementation
SLF4J: See http://www.slf4j.org/codes.html#StaticLoggerBinder for further details.
Jul 09, 2023 2:51:32 PM org.openqa.selenium.remote.http.WebSocket$Listener onError
WARNING: Connection reset
java.net.SocketException: Connection reset
	at java.base/sun.nio.ch.SocketChannelImpl.throwConnectionReset(SocketChannelImpl.java:401)
	at java.base/sun.nio.ch.SocketChannelImpl.read(SocketChannelImpl.java:434)
	at io.netty.buffer.PooledByteBuf.setBytes(PooledByteBuf.java:256)
	at io.netty.buffer.AbstractByteBuf.writeBytes(AbstractByteBuf.java:1132)
	at io.netty.channel.socket.nio.NioSocketChannel.doReadBytes(NioSocketChannel.java:357)
	at io.netty.channel.nio.AbstractNioByteChannel$NioByteUnsafe.read(AbstractNioByteChannel.java:151)
	at io.netty.channel.nio.NioEventLoop.processSelectedKey(NioEventLoop.java:788)
	at io.netty.channel.nio.NioEventLoop.processSelectedKeysOptimized(NioEventLoop.java:724)
	at io.netty.channel.nio.NioEventLoop.processSelectedKeys(NioEventLoop.java:650)
	at io.netty.channel.nio.NioEventLoop.run(NioEventLoop.java:562)
	at io.netty.util.concurrent.SingleThreadEventExecutor$4.run(SingleThreadEventExecutor.java:997)
	at io.netty.util.internal.ThreadExecutorMap$2.run(ThreadExecutorMap.java:74)
	at io.netty.util.concurrent.FastThreadLocalRunnable.run(FastThreadLocalRunnable.java:30)
	at java.base/java.lang.Thread.run(Thread.java:1589)

]]></system-err>
  </testcase>
  <testcase name="login with valid credentials #2" classname="Login functionality" time="9.846">
    <system-out><![CDATA[
Scenario Outline: login with valid credentials                    &amp#27;[90m# src/test/resources/features/Login.feature:12&amp#27;[0m
  &amp#27;[32mGiven &amp#27;[0m&amp#27;[32muser navigates to login page&amp#27;[0m                              &amp#27;[90m# stepDefinitions.Login.user_navigates_to_login_page()&amp#27;[0m
  &amp#27;[32mWhen &amp#27;[0m&amp#27;[32muser enters valid login name &amp#27;[0m&amp#27;[32m&amp#27;[1mabhi789&amp#27;[0m&amp#27;[32m into login name field&amp#27;[0m &amp#27;[90m# stepDefinitions.Login.user_enters_valid_login_name_into_login_name_field(java.lang.String)&amp#27;[0m
  &amp#27;[32mAnd &amp#27;[0m&amp#27;[32muser enters valid password &amp#27;[0m&amp#27;[32m&amp#27;[1mabhi789&amp#27;[0m&amp#27;[32m into password field&amp#27;[0m      &amp#27;[90m# stepDefinitions.Login.user_enters_valid_password_into_password_field(java.lang.String)&amp#27;[0m
  &amp#27;[32mAnd &amp#27;[0m&amp#27;[32muser clicks on login button&amp#27;[0m                                 &amp#27;[90m# stepDefinitions.Login.user_clicks_on_login_button()&amp#27;[0m
  &amp#27;[32mThen &amp#27;[0m&amp#27;[32muser gets login successfully&amp#27;[0m                               &amp#27;[90m# stepDefinitions.Login.user_gets_login_successfully()&amp#27;[0m
]]></system-out>
    <system-err><![CDATA[Jul 09, 2023 2:51:32 PM org.openqa.selenium.remote.service.DriverService$Builder getLogOutput
INFO: Driver logs no longer sent to console by default; https://www.selenium.dev/documentation/webdriver/drivers/service/#setting-log-output
]]></system-err>
  </testcase>
  <testcase name="login with valid credentials #3" classname="Login functionality" time="9.968">
    <system-out><![CDATA[
Scenario Outline: login with valid credentials                   &amp#27;[90m# src/test/resources/features/Login.feature:13&amp#27;[0m
  &amp#27;[32mGiven &amp#27;[0m&amp#27;[32muser navigates to login page&amp#27;[0m                             &amp#27;[90m# stepDefinitions.Login.user_navigates_to_login_page()&amp#27;[0m
  &amp#27;[32mWhen &amp#27;[0m&amp#27;[32muser enters valid login name &amp#27;[0m&amp#27;[32m&amp#27;[1mabhi10&amp#27;[0m&amp#27;[32m into login name field&amp#27;[0m &amp#27;[90m# stepDefinitions.Login.user_enters_valid_login_name_into_login_name_field(java.lang.String)&amp#27;[0m
  &amp#27;[32mAnd &amp#27;[0m&amp#27;[32muser enters valid password &amp#27;[0m&amp#27;[32m&amp#27;[1mabhi10&amp#27;[0m&amp#27;[32m into password field&amp#27;[0m      &amp#27;[90m# stepDefinitions.Login.user_enters_valid_password_into_password_field(java.lang.String)&amp#27;[0m
  &amp#27;[32mAnd &amp#27;[0m&amp#27;[32muser clicks on login button&amp#27;[0m                                &amp#27;[90m# stepDefinitions.Login.user_clicks_on_login_button()&amp#27;[0m
  &amp#27;[32mThen &amp#27;[0m&amp#27;[32muser gets login successfully&amp#27;[0m                              &amp#27;[90m# stepDefinitions.Login.user_gets_login_successfully()&amp#27;[0m
]]></system-out>
    <system-err><![CDATA[Jul 09, 2023 2:51:42 PM org.openqa.selenium.remote.service.DriverService$Builder getLogOutput
INFO: Driver logs no longer sent to console by default; https://www.selenium.dev/documentation/webdriver/drivers/service/#setting-log-output
]]></system-err>
  </testcase>
  <testcase name="login with invalid credentials" classname="Login functionality" time="11.557">
    <system-out><![CDATA[
Scenario: login with invalid credentials                              &amp#27;[90m# src/test/resources/features/Login.feature:15&amp#27;[0m
  &amp#27;[32mGiven &amp#27;[0m&amp#27;[32muser navigates to login page&amp#27;[0m                                  &amp#27;[90m# stepDefinitions.Login.user_navigates_to_login_page()&amp#27;[0m
  &amp#27;[32mAnd &amp#27;[0m&amp#27;[32muser enters invalid login name &amp#27;[0m&amp#27;[32m&amp#27;[1m"abhishek"&amp#27;[0m&amp#27;[32m into login name field&amp#27;[0m &amp#27;[90m# stepDefinitions.Login.user_enters_invalid_login_name_into_login_name_field(java.lang.String)&amp#27;[0m
  &amp#27;[32mAnd &amp#27;[0m&amp#27;[32muser enters invalid password &amp#27;[0m&amp#27;[32m&amp#27;[1m"12345"&amp#27;[0m&amp#27;[32m into password field&amp#27;[0m        &amp#27;[90m# stepDefinitions.Login.user_enters_invalid_password_into_password_field(java.lang.String)&amp#27;[0m
  &amp#27;[32mAnd &amp#27;[0m&amp#27;[32muser clicks on login button&amp#27;[0m                                     &amp#27;[90m# stepDefinitions.Login.user_clicks_on_login_button()&amp#27;[0m
  &amp#27;[32mThen &amp#27;[0m&amp#27;[32muser should get proper warning message&amp#27;[0m                         &amp#27;[90m# stepDefinitions.Login.user_should_get_proper_warning_message()&amp#27;[0m
]]></system-out>
    <system-err><![CDATA[Jul 09, 2023 2:51:52 PM org.openqa.selenium.remote.service.DriverService$Builder getLogOutput
INFO: Driver logs no longer sent to console by default; https://www.selenium.dev/documentation/webdriver/drivers/service/#setting-log-output
]]></system-err>
  </testcase>
  <testcase name="login without entering credentials" classname="Login functionality" time="10.027">
    <system-out><![CDATA[
Scenario: login without entering credentials  &amp#27;[90m# src/test/resources/features/Login.feature:22&amp#27;[0m
  &amp#27;[32mGiven &amp#27;[0m&amp#27;[32muser navigates to login page&amp#27;[0m          &amp#27;[90m# stepDefinitions.Login.user_navigates_to_login_page()&amp#27;[0m
  &amp#27;[32mAnd &amp#27;[0m&amp#27;[32muser clicks on login button&amp#27;[0m             &amp#27;[90m# stepDefinitions.Login.user_clicks_on_login_button()&amp#27;[0m
  &amp#27;[32mThen &amp#27;[0m&amp#27;[32muser should get proper warning message&amp#27;[0m &amp#27;[90m# stepDefinitions.Login.user_should_get_proper_warning_message()&amp#27;[0m
]]></system-out>
    <system-err><![CDATA[Jul 09, 2023 2:52:04 PM org.openqa.selenium.remote.service.DriverService$Builder getLogOutput
INFO: Driver logs no longer sent to console by default; https://www.selenium.dev/documentation/webdriver/drivers/service/#setting-log-output
]]></system-err>
  </testcase>
  <testcase name="user creates account by filling all fields" classname="Registration functionality" time="14.666">
    <system-out><![CDATA[
Scenario: user creates account by filling all fields    &amp#27;[90m# src/test/resources/features/Register.feature:3&amp#27;[0m
  &amp#27;[32mGiven &amp#27;[0m&amp#27;[32muser navigates to registration page&amp#27;[0m             &amp#27;[90m# stepDefinitions.Register.user_navigates_to_registration_page()&amp#27;[0m
  &amp#27;[32mWhen &amp#27;[0m&amp#27;[32muser enters below details into respective fields&amp#27;[0m &amp#27;[90m# stepDefinitions.Register.user_enters_below_details_into_respective_fields(io.cucumber.datatable.DataTable)&amp#27;[0m
    | firstname | abhi       |
    | lastname  | shek       |
    | telephone | 9090909090 |
    | fax       | 12345      |
    | company   | newtech    |
    | address1  | nashik     |
    | address2  | nashik     |
    | city      | NASHIK     |
    | zipcode   | 445566     |
    | password  | newpass    |
  &amp#27;[32mAnd &amp#27;[0m&amp#27;[32mclicks on respective country&amp#27;[0m                      &amp#27;[90m# stepDefinitions.Register.clicks_on_respective_country()&amp#27;[0m
  &amp#27;[32mAnd &amp#27;[0m&amp#27;[32mclicks on respective state&amp#27;[0m                        &amp#27;[90m# stepDefinitions.Register.clicks_on_respective_state()&amp#27;[0m
  &amp#27;[32mAnd &amp#27;[0m&amp#27;[32mclicks on yes for subscribe&amp#27;[0m                       &amp#27;[90m# stepDefinitions.Register.clicks_on_yes_for_subscribe()&amp#27;[0m
  &amp#27;[32mAnd &amp#27;[0m&amp#27;[32magrees to privacy policy&amp#27;[0m                          &amp#27;[90m# stepDefinitions.Register.agrees_to_privacy_policy()&amp#27;[0m
  &amp#27;[32mAnd &amp#27;[0m&amp#27;[32mclicks on continue button&amp#27;[0m                         &amp#27;[90m# stepDefinitions.Register.clicks_on_continue_button()&amp#27;[0m
  &amp#27;[32mThen &amp#27;[0m&amp#27;[32mnew user account should be created&amp#27;[0m               &amp#27;[90m# stepDefinitions.Register.new_user_account_should_be_created()&amp#27;[0m
]]></system-out>
    <system-err><![CDATA[Jul 09, 2023 2:52:14 PM org.openqa.selenium.remote.service.DriverService$Builder getLogOutput
INFO: Driver logs no longer sent to console by default; https://www.selenium.dev/documentation/webdriver/drivers/service/#setting-log-output
]]></system-err>
  </testcase>
  <testcase name="user creates account by filling duplicate login name" classname="Registration functionality" time="15.452">
    <system-out><![CDATA[
Scenario: user creates account by filling duplicate login name                    &amp#27;[90m# src/test/resources/features/Register.feature:25&amp#27;[0m
  &amp#27;[32mGiven &amp#27;[0m&amp#27;[32muser navigates to registration page&amp#27;[0m                                       &amp#27;[90m# stepDefinitions.Register.user_navigates_to_registration_page()&amp#27;[0m
  &amp#27;[32mWhen &amp#27;[0m&amp#27;[32muser enters below details into respective fields with duplicate login name&amp#27;[0m &amp#27;[90m# stepDefinitions.Register.user_enters_below_details_into_respective_fields_with_duplicate_login_name(io.cucumber.datatable.DataTable)&amp#27;[0m
    | firstname       | abhi       |
    | lastname        | shek       |
    | telephone       | 9090909090 |
    | fax             | 12345      |
    | company         | newtech    |
    | address1        | nashik     |
    | address2        | nashik     |
    | city            | NASHIK     |
    | zipcode         | 445566     |
    | loginName       | abhishek   |
    | password        | newpass    |
    | passwordConfirm | newpass    |
  &amp#27;[32mAnd &amp#27;[0m&amp#27;[32mclicks on respective country&amp#27;[0m                                                &amp#27;[90m# stepDefinitions.Register.clicks_on_respective_country()&amp#27;[0m
  &amp#27;[32mAnd &amp#27;[0m&amp#27;[32mclicks on respective state&amp#27;[0m                                                  &amp#27;[90m# stepDefinitions.Register.clicks_on_respective_state()&amp#27;[0m
  &amp#27;[32mAnd &amp#27;[0m&amp#27;[32mclicks on yes for subscribe&amp#27;[0m                                                 &amp#27;[90m# stepDefinitions.Register.clicks_on_yes_for_subscribe()&amp#27;[0m
  &amp#27;[32mAnd &amp#27;[0m&amp#27;[32magrees to privacy policy&amp#27;[0m                                                    &amp#27;[90m# stepDefinitions.Register.agrees_to_privacy_policy()&amp#27;[0m
  &amp#27;[32mAnd &amp#27;[0m&amp#27;[32mclicks on continue button&amp#27;[0m                                                   &amp#27;[90m# stepDefinitions.Register.clicks_on_continue_button()&amp#27;[0m
  &amp#27;[32mThen &amp#27;[0m&amp#27;[32mproper warning message gets displayed&amp#27;[0m                                      &amp#27;[90m# stepDefinitions.Register.proper_warning_message_gets_displayed()&amp#27;[0m
]]></system-out>
    <system-err><![CDATA[Jul 09, 2023 2:52:28 PM org.openqa.selenium.remote.service.DriverService$Builder getLogOutput
INFO: Driver logs no longer sent to console by default; https://www.selenium.dev/documentation/webdriver/drivers/service/#setting-log-output
]]></system-err>
  </testcase>
  <testcase name="user searches for a valid product" classname="Search functionality" time="8.908">
    <system-out><![CDATA[
Scenario: user searches for a valid product                      &amp#27;[90m# src/test/resources/features/Search.feature:3&amp#27;[0m
  &amp#27;[32mGiven &amp#27;[0m&amp#27;[32muser opens the application&amp#27;[0m                               &amp#27;[90m# stepDefinitions.Search.user_opens_the_application()&amp#27;[0m
  &amp#27;[32mWhen &amp#27;[0m&amp#27;[32muser enters valid product &amp#27;[0m&amp#27;[32m&amp#27;[1m"shoes"&amp#27;[0m&amp#27;[32m into Seach box field&amp#27;[0m    &amp#27;[90m# stepDefinitions.Search.user_enters_valid_product_into_seach_box_field(java.lang.String)&amp#27;[0m
  &amp#27;[32mAnd &amp#27;[0m&amp#27;[32muser clicks on Search button&amp#27;[0m                               &amp#27;[90m# stepDefinitions.Search.user_clicks_on_search_button()&amp#27;[0m
  &amp#27;[32mThen &amp#27;[0m&amp#27;[32muser should get valid product displayed in search results&amp#27;[0m &amp#27;[90m# stepDefinitions.Search.user_should_get_valid_product_displayed_in_search_results()&amp#27;[0m
]]></system-out>
    <system-err><![CDATA[Jul 09, 2023 2:52:44 PM org.openqa.selenium.remote.service.DriverService$Builder getLogOutput
INFO: Driver logs no longer sent to console by default; https://www.selenium.dev/documentation/webdriver/drivers/service/#setting-log-output
]]></system-err>
  </testcase>
  <testcase name="user searches for a invalid product" classname="Search functionality" time="9.78">
    <system-out><![CDATA[
Scenario: user searches for a invalid product                  &amp#27;[90m# src/test/resources/features/Search.feature:9&amp#27;[0m
  &amp#27;[32mGiven &amp#27;[0m&amp#27;[32muser opens the application&amp#27;[0m                             &amp#27;[90m# stepDefinitions.Search.user_opens_the_application()&amp#27;[0m
  &amp#27;[32mWhen &amp#27;[0m&amp#27;[32muser enters invalid product &amp#27;[0m&amp#27;[32m&amp#27;[1m"belt"&amp#27;[0m&amp#27;[32m into Seach box field&amp#27;[0m &amp#27;[90m# stepDefinitions.Search.user_enters_invalid_product_into_seach_box_field(java.lang.String)&amp#27;[0m
  &amp#27;[32mAnd &amp#27;[0m&amp#27;[32muser clicks on Search button&amp#27;[0m                             &amp#27;[90m# stepDefinitions.Search.user_clicks_on_search_button()&amp#27;[0m
  &amp#27;[32mThen &amp#27;[0m&amp#27;[32muser should get a message about no product matching&amp#27;[0m     &amp#27;[90m# stepDefinitions.Search.user_should_get_a_message_about_no_product_matching()&amp#27;[0m
]]></system-out>
    <system-err><![CDATA[Jul 09, 2023 2:52:53 PM org.openqa.selenium.remote.service.DriverService$Builder getLogOutput
INFO: Driver logs no longer sent to console by default; https://www.selenium.dev/documentation/webdriver/drivers/service/#setting-log-output
]]></system-err>
  </testcase>
  <testcase name="user searches without any product" classname="Search functionality" time="16.483">
    <system-out><![CDATA[
Scenario: user searches without any product                &amp#27;[90m# src/test/resources/features/Search.feature:15&amp#27;[0m
  &amp#27;[32mGiven &amp#27;[0m&amp#27;[32muser opens the application&amp#27;[0m                         &amp#27;[90m# stepDefinitions.Search.user_opens_the_application()&amp#27;[0m
  &amp#27;[32mAnd &amp#27;[0m&amp#27;[32muser clicks on Search button&amp#27;[0m                         &amp#27;[90m# stepDefinitions.Search.user_clicks_on_search_button()&amp#27;[0m
  &amp#27;[32mThen &amp#27;[0m&amp#27;[32muser should get a message about no product matching&amp#27;[0m &amp#27;[90m# stepDefinitions.Search.user_should_get_a_message_about_no_product_matching()&amp#27;[0m
]]></system-out>
    <system-err><![CDATA[Jul 09, 2023 2:53:02 PM org.openqa.selenium.remote.service.DriverService$Builder getLogOutput
INFO: Driver logs no longer sent to console by default; https://www.selenium.dev/documentation/webdriver/drivers/service/#setting-log-output
]]></system-err>
  </testcase>
</testsuite>